Build started 1/28/2014 7:55:47 PM.
     1>Project "C:\Users\tsaad_000\Documents\GitHub\csc344\project2\Builds\VisualStudio2013\Project2.vcxproj" on node 2 (Build target(s)).
     1>ClCompile:
         C:\Program Files (x86)\Microsoft Visual Studio 12.0\VC\bin\CL.exe /c /I..\..\JuceLibraryCode /IC:\Juce\modules /I"..\..\\\"C:\SDKs\VST3 SDK\"" /Zi /nologo /W4 /WX- /MP /O1 /Oy- /GL /D WIN32 /D _WINDOWS /D NDEBUG /D JUCER_VS2013_78A5020=1 /D JUCE_APP_VERSION=0.1 /D JUCE_APP_VERSION_HEX=0x100 /D _WINDLL /Gm- /EHsc /MT /GS /fp:precise /Zc:wchar_t /Zc:forScope /GR /Fo"Release\\" /Fd"Release\\vc120.pdb" /Gd /TP /analyze- /errorReport:prompt ..\..\Source\PluginProcessor.cpp
         PluginProcessor.cpp
     1>..\..\Source\PluginProcessor.cpp(52): warning C4244: 'return' : conversion from 'double' to 'float', possible loss of data
     1>..\..\Source\PluginProcessor.cpp(65): warning C4244: '=' : conversion from 'double' to 'float', possible loss of data
     1>..\..\Source\PluginProcessor.cpp(72): warning C4244: '=' : conversion from 'double' to 'float', possible loss of data
     1>..\..\Source\PluginProcessor.cpp(81): warning C4244: '=' : conversion from 'double' to 'float', possible loss of data
     1>..\..\Source\PluginProcessor.cpp(280): warning C4100: 'index' : unreferenced formal parameter
     1>..\..\Source\PluginProcessor.cpp(285): warning C4100: 'newValue' : unreferenced formal parameter
     1>..\..\Source\PluginProcessor.cpp(302): warning C4100: 'index' : unreferenced formal parameter
     1>..\..\Source\PluginProcessor.cpp(307): warning C4100: 'index' : unreferenced formal parameter
     1>..\..\Source\PluginProcessor.cpp(322): warning C4100: 'index' : unreferenced formal parameter
     1>..\..\Source\PluginProcessor.cpp(327): warning C4100: 'index' : unreferenced formal parameter
     1>..\..\Source\PluginProcessor.cpp(370): warning C4100: 'index' : unreferenced formal parameter
     1>..\..\Source\PluginProcessor.cpp(374): warning C4100: 'index' : unreferenced formal parameter
     1>..\..\Source\PluginProcessor.cpp(379): warning C4100: 'newName' : unreferenced formal parameter
     1>..\..\Source\PluginProcessor.cpp(379): warning C4100: 'index' : unreferenced formal parameter
     1>..\..\Source\PluginProcessor.cpp(384): warning C4100: 'samplesPerBlock' : unreferenced formal parameter
     1>..\..\Source\PluginProcessor.cpp(384): warning C4100: 'sampleRate' : unreferenced formal parameter
     1>..\..\Source\PluginProcessor.cpp(439): warning C4100: 'destData' : unreferenced formal parameter
     1>..\..\Source\PluginProcessor.cpp(446): warning C4100: 'sizeInBytes' : unreferenced formal parameter
     1>..\..\Source\PluginProcessor.cpp(446): warning C4100: 'data' : unreferenced formal parameter
       Link:
         C:\Program Files (x86)\Microsoft Visual Studio 12.0\VC\bin\link.exe /ERRORREPORT:PROMPT /OUT:".\Release\\Project2.dll" /NOLOGO kernel32.lib user32.lib gdi32.lib winspool.lib comdlg32.lib advapi32.lib shell32.lib ole32.lib oleaut32.lib uuid.lib odbc32.lib odbccp32.lib /MANIFEST /MANIFESTUAC:"level='asInvoker' uiAccess='false'" /manifest:embed /PDB:"Release\\Project2.pdb" /SUBSYSTEM:WINDOWS /LARGEADDRESSAWARE /OPT:REF /OPT:ICF /LTCG /TLBID:1 /DYNAMICBASE /NXCOMPAT /IMPLIB:".\Release\Project2.lib" /MACHINE:X86 /SAFESEH /DLL Release\resources.res
         Release\\PluginProcessor.obj
         Release\\PluginEditor.obj
         Release\\juce_AAX_Wrapper.obj
         Release\\juce_audio_basics.obj
         Release\\juce_audio_devices.obj
         Release\\juce_audio_formats.obj
         Release\\juce_audio_processors.obj
         Release\\juce_core.obj
         Release\\juce_cryptography.obj
         Release\\juce_data_structures.obj
         Release\\juce_events.obj
         Release\\juce_graphics.obj
         Release\\juce_gui_basics.obj
         Release\\juce_gui_extra.obj
         Release\\juce_opengl.obj
         Release\\juce_PluginUtilities.obj
         Release\\juce_RTAS_DigiCode1.obj
         Release\\juce_RTAS_DigiCode2.obj
         Release\\juce_RTAS_DigiCode3.obj
         Release\\juce_RTAS_WinUtilities.obj
         Release\\juce_RTAS_Wrapper.obj
         Release\\juce_video.obj
         Release\\juce_VST_Wrapper.obj
            Creating library .\Release\Project2.lib and object .\Release\Project2.exp
         Generating code
         Finished generating code
         Project2.vcxproj -> C:\Users\tsaad_000\Documents\GitHub\csc344\project2\Builds\VisualStudio2013\.\Release\Project2.dll
       PostBuildEvent:
         copy /Y "C:\Users\tsaad_000\Documents\GitHub\csc344\project2\Builds\VisualStudio2013\.\Release\Project2.dll" "C:\VST\344 Synth"
         :VCEnd
                 1 file(s) copied.
     1>Done Building Project "C:\Users\tsaad_000\Documents\GitHub\csc344\project2\Builds\VisualStudio2013\Project2.vcxproj" (Build target(s)).

Build succeeded.

Time Elapsed 00:00:27.80
